<?xml version="1.0" encoding="UTF-8"?>
<!-- Generated by org.testng.reporters.JUnitXMLReporter -->
<testsuite ignored="0" hostname="DESKTOP-R4K58LI" failures="0" tests="9" name="Default test" time="7.494" errors="0" timestamp="2023-01-04T12:01:40 IST">
  <testcase classname="TestCases.InventoryPageTest" name="@BeforeMethod setup" time="7.216">
    <failure type="java.lang.RuntimeException" message="java.lang.IllegalAccessException: Can not set static final org.openqa.selenium.WebElement field Pages.InventoryPage.dropDown to com.sun.proxy.$Proxy13">
      <![CDATA[java.lang.RuntimeException: java.lang.IllegalAccessException: Can not set static final org.openqa.selenium.WebElement field Pages.InventoryPage.dropDown to com.sun.proxy.$Proxy13
at org.openqa.selenium.support.PageFactory.proxyFields(PageFactory.java:117)
at org.openqa.selenium.support.PageFactory.initElements(PageFactory.java:103)
at org.openqa.selenium.support.PageFactory.initElements(PageFactory.java:90)
at org.openqa.selenium.support.PageFactory.initElements(PageFactory.java:78)
at Pages.InventoryPage.<init>(InventoryPage.java:38)
at TestCases.InventoryPageTest.setup(InventoryPageTest.java:23)
at java.base/jdk.internal.reflect.NativeMethodAccessorImpl.invoke0(Native Method)
at java.base/jdk.internal.reflect.NativeMethodAccessorImpl.invoke(NativeMethodAccessorImpl.java:62)
at java.base/jdk.internal.reflect.DelegatingMethodAccessorImpl.invoke(DelegatingMethodAccessorImpl.java:43)
at java.base/java.lang.reflect.Method.invoke(Method.java:566)
at org.testng.internal.MethodInvocationHelper.invokeMethod(MethodInvocationHelper.java:133)
at org.testng.internal.MethodInvocationHelper.invokeMethodConsideringTimeout(MethodInvocationHelper.java:62)
at org.testng.internal.ConfigInvoker.invokeConfigurationMethod(ConfigInvoker.java:340)
at org.testng.internal.ConfigInvoker.invokeConfigurations(ConfigInvoker.java:294)
at org.testng.internal.TestInvoker.runConfigMethods(TestInvoker.java:683)
at org.testng.internal.TestInvoker.invokeMethod(TestInvoker.java:510)
at org.testng.internal.TestInvoker.invokeTestMethod(TestInvoker.java:172)
at org.testng.internal.MethodRunner.runInSequence(MethodRunner.java:46)
at org.testng.internal.TestInvoker$MethodInvocationAgent.invoke(TestInvoker.java:804)
at org.testng.internal.TestInvoker.invokeTestMethods(TestInvoker.java:145)
at org.testng.internal.TestMethodWorker.invokeTestMethods(TestMethodWorker.java:146)
at org.testng.internal.TestMethodWorker.run(TestMethodWorker.java:128)
at java.base/java.util.ArrayList.forEach(ArrayList.java:1541)
at org.testng.TestRunner.privateRun(TestRunner.java:770)
at org.testng.TestRunner.run(TestRunner.java:591)
at org.testng.SuiteRunner.runTest(SuiteRunner.java:402)
at org.testng.SuiteRunner.runSequentially(SuiteRunner.java:396)
at org.testng.SuiteRunner.privateRun(SuiteRunner.java:355)
at org.testng.SuiteRunner.run(SuiteRunner.java:304)
at org.testng.SuiteRunnerWorker.runSuite(SuiteRunnerWorker.java:53)
at org.testng.SuiteRunnerWorker.run(SuiteRunnerWorker.java:96)
at org.testng.TestNG.runSuitesSequentially(TestNG.java:1180)
at org.testng.TestNG.runSuitesLocally(TestNG.java:1102)
at org.testng.TestNG.runSuites(TestNG.java:1032)
at org.testng.TestNG.run(TestNG.java:1000)
at org.testng.remote.AbstractRemoteTestNG.run(AbstractRemoteTestNG.java:115)
at org.testng.remote.RemoteTestNG.initAndRun(RemoteTestNG.java:251)
at org.testng.remote.RemoteTestNG.main(RemoteTestNG.java:77)
Caused by: java.lang.IllegalAccessException: Can not set static final org.openqa.selenium.WebElement field Pages.InventoryPage.dropDown to com.sun.proxy.$Proxy13
at java.base/jdk.internal.reflect.UnsafeFieldAccessorImpl.throwFinalFieldIllegalAccessException(UnsafeFieldAccessorImpl.java:76)
at java.base/jdk.internal.reflect.UnsafeFieldAccessorImpl.throwFinalFieldIllegalAccessException(UnsafeFieldAccessorImpl.java:80)
at java.base/jdk.internal.reflect.UnsafeQualifiedStaticObjectFieldAccessorImpl.set(UnsafeQualifiedStaticObjectFieldAccessorImpl.java:77)
at java.base/java.lang.reflect.Field.set(Field.java:780)
at org.openqa.selenium.support.PageFactory.proxyFields(PageFactory.java:115)
... 37 more
]]>
    </failure>
  </testcase> <!-- @BeforeMethod setup -->
  <testcase classname="TestCases.InventoryPageTest" name="@AfterMethod closeBrower" time="-1.672813900087E9">
    <skipped/>
  </testcase> <!-- @AfterMethod closeBrower -->
  <testcase classname="TestCases.InventoryPageTest" name="@BeforeMethod setup" time="-1.672813900098E9">
    <skipped/>
  </testcase> <!-- @BeforeMethod setup -->
  <testcase classname="TestCases.InventoryPageTest" name="@AfterMethod closeBrower" time="-1.672813900118E9">
    <skipped/>
  </testcase> <!-- @AfterMethod closeBrower -->
  <testcase classname="TestCases.InventoryPageTest" name="@BeforeMethod setup" time="-1.672813900124E9">
    <skipped/>
  </testcase> <!-- @BeforeMethod setup -->
  <testcase classname="TestCases.InventoryPageTest" name="@AfterMethod closeBrower" time="-1.672813900145E9">
    <skipped/>
  </testcase> <!-- @AfterMethod closeBrower -->
  <testcase classname="TestCases.InventoryPageTest" name="@BeforeMethod setup" time="-1.672813900152E9">
    <skipped/>
  </testcase> <!-- @BeforeMethod setup -->
  <testcase classname="TestCases.InventoryPageTest" name="@AfterMethod closeBrower" time="-1.67281390016E9">
    <skipped/>
  </testcase> <!-- @AfterMethod closeBrower -->
  <testcase classname="TestCases.InventoryPageTest" name="@BeforeMethod setup" time="-1.672813900163E9">
    <skipped/>
  </testcase> <!-- @BeforeMethod setup -->
  <testcase classname="TestCases.InventoryPageTest" name="@AfterMethod closeBrower" time="-1.672813900189E9">
    <skipped/>
  </testcase> <!-- @AfterMethod closeBrower -->
  <testcase classname="TestCases.InventoryPageTest" name="@BeforeMethod setup" time="-1.672813900196E9">
    <skipped/>
  </testcase> <!-- @BeforeMethod setup -->
  <testcase classname="TestCases.InventoryPageTest" name="@AfterMethod closeBrower" time="-1.67281390021E9">
    <skipped/>
  </testcase> <!-- @AfterMethod closeBrower -->
  <testcase classname="TestCases.InventoryPageTest" name="@BeforeMethod setup" time="-1.672813900215E9">
    <skipped/>
  </testcase> <!-- @BeforeMethod setup -->
  <testcase classname="TestCases.InventoryPageTest" name="@AfterMethod closeBrower" time="-1.672813900244E9">
    <skipped/>
  </testcase> <!-- @AfterMethod closeBrower -->
  <testcase classname="TestCases.InventoryPageTest" name="@BeforeMethod setup" time="-1.672813900253E9">
    <skipped/>
  </testcase> <!-- @BeforeMethod setup -->
  <testcase classname="TestCases.InventoryPageTest" name="@AfterMethod closeBrower" time="-1.67281390026E9">
    <skipped/>
  </testcase> <!-- @AfterMethod closeBrower -->
  <testcase classname="TestCases.InventoryPageTest" name="@BeforeMethod setup" time="-1.672813900262E9">
    <skipped/>
  </testcase> <!-- @BeforeMethod setup -->
  <testcase classname="TestCases.InventoryPageTest" name="@AfterMethod closeBrower" time="-1.672813900276E9">
    <skipped/>
  </testcase> <!-- @AfterMethod closeBrower -->
  <testcase classname="TestCases.InventoryPageTest" name="verifyAtoZsortOption" time="0.0">
    <skipped/>
  </testcase> <!-- verifyAtoZsortOption -->
  <testcase classname="TestCases.InventoryPageTest" name="verifyBackpack" time="0.0">
    <skipped/>
  </testcase> <!-- verifyBackpack -->
  <testcase classname="TestCases.InventoryPageTest" name="verifyCart" time="0.0">
    <skipped/>
  </testcase> <!-- verifyCart -->
  <testcase classname="TestCases.InventoryPageTest" name="verifyHighToLowPriceSortOption" time="0.0">
    <skipped/>
  </testcase> <!-- verifyHighToLowPriceSortOption -->
  <testcase classname="TestCases.InventoryPageTest" name="verifyLowToHighPriceSortOption" time="0.0">
    <skipped/>
  </testcase> <!-- verifyLowToHighPriceSortOption -->
  <testcase classname="TestCases.InventoryPageTest" name="verifyPeekLogo" time="0.0">
    <skipped/>
  </testcase> <!-- verifyPeekLogo -->
  <testcase classname="TestCases.InventoryPageTest" name="verifyProduct" time="0.0">
    <skipped/>
  </testcase> <!-- verifyProduct -->
  <testcase classname="TestCases.InventoryPageTest" name="verifyTwitterLogo" time="0.0">
    <skipped/>
  </testcase> <!-- verifyTwitterLogo -->
  <testcase classname="TestCases.InventoryPageTest" name="verifyZtoAsortingOption" time="0.0">
    <skipped/>
  </testcase> <!-- verifyZtoAsortingOption -->
</testsuite> <!-- Default test -->
